<?xml version="1.0" encoding="UTF-8"?>
<testsuite name="com.example.atoolformanagingstudentsoftwareprojects.AToolforManagingStudentSoftwareProjectsApplicationTests" tests="1" skipped="0" failures="0" errors="0" timestamp="2025-05-08T22:27:11.242Z" hostname="THARUN" time="0.328">
  <properties/>
  <testcase name="contextLoads()" classname="com.example.atoolformanagingstudentsoftwareprojects.AToolforManagingStudentSoftwareProjectsApplicationTests" time="0.328"/>
  <system-out><![CDATA[23:27:07.226 [Test worker] INFO org.springframework.test.context.support.AnnotationConfigContextLoaderUtils -- Could not detect default configuration classes for test class [com.example.atoolformanagingstudentsoftwareprojects.AToolforManagingStudentSoftwareProjectsApplicationTests]: AToolforManagingStudentSoftwareProjectsApplicationTests does not declare any static, non-private, non-final, nested classes annotated with @Configuration.
23:27:07.322 [Test worker] INFO org.springframework.boot.test.context.SpringBootTestContextBootstrapper -- Found @SpringBootConfiguration com.example.atoolformanagingstudentsoftwareprojects.AToolforManagingStudentSoftwareProjectsApplication for test class com.example.atoolformanagingstudentsoftwareprojects.AToolforManagingStudentSoftwareProjectsApplicationTests

  .   ____          _            __ _ _
 /\\ / ___'_ __ _ _(_)_ __  __ _ \ \ \ \
( ( )\___ | '_ | '_| | '_ \/ _` | \ \ \ \
 \\/  ___)| |_)| | | | | || (_| |  ) ) ) )
  '  |____| .__|_| |_|_| |_\__, | / / / /
 =========|_|==============|___/=/_/_/_/

 :: Spring Boot ::                (v3.4.4)

2025-05-08T23:27:07.648+01:00  INFO 42656 --- [    Test worker] gStudentSoftwareProjectsApplicationTests : Starting AToolforManagingStudentSoftwareProjectsApplicationTests using Java 17.0.11 with PID 42656 (started by tharu in C:\Users\tharu\Uni work\Year 3\CO3201 Computer Science Project\AToolforManagingStudentSoftwareProjects)
2025-05-08T23:27:07.648+01:00  INFO 42656 --- [    Test worker] gStudentSoftwareProjectsApplicationTests : No active profile set, falling back to 1 default profile: "default"
2025-05-08T23:27:08.178+01:00  INFO 42656 --- [    Test worker] .s.d.r.c.RepositoryConfigurationDelegate : Bootstrapping Spring Data JPA repositories in DEFAULT mode.
2025-05-08T23:27:08.241+01:00  INFO 42656 --- [    Test worker] .s.d.r.c.RepositoryConfigurationDelegate : Finished Spring Data repository scanning in 54 ms. Found 10 JPA repository interfaces.
2025-05-08T23:27:08.597+01:00  INFO 42656 --- [    Test worker] o.hibernate.jpa.internal.util.LogHelper  : HHH000204: Processing PersistenceUnitInfo [name: default]
2025-05-08T23:27:08.649+01:00  INFO 42656 --- [    Test worker] org.hibernate.Version                    : HHH000412: Hibernate ORM core version 6.6.11.Final
2025-05-08T23:27:08.677+01:00  INFO 42656 --- [    Test worker] o.h.c.internal.RegionFactoryInitiator    : HHH000026: Second-level cache disabled
2025-05-08T23:27:08.920+01:00  INFO 42656 --- [    Test worker] o.s.o.j.p.SpringPersistenceUnitInfo      : No LoadTimeWeaver setup: ignoring JPA class transformer
2025-05-08T23:27:08.943+01:00  INFO 42656 --- [    Test worker] com.zaxxer.hikari.HikariDataSource       : HikariPool-1 - Starting...
2025-05-08T23:27:09.211+01:00  INFO 42656 --- [    Test worker] com.zaxxer.hikari.pool.HikariPool        : HikariPool-1 - Added connection com.mysql.cj.jdbc.ConnectionImpl@42ffbab6
2025-05-08T23:27:09.213+01:00  INFO 42656 --- [    Test worker] com.zaxxer.hikari.HikariDataSource       : HikariPool-1 - Start completed.
2025-05-08T23:27:09.309+01:00  INFO 42656 --- [    Test worker] org.hibernate.orm.connections.pooling    : HHH10001005: Database info:
	Database JDBC URL [Connecting through datasource 'HikariDataSource (HikariPool-1)']
	Database driver: undefined/unknown
	Database version: 8.0.36
	Autocommit mode: undefined/unknown
	Isolation level: undefined/unknown
	Minimum pool size: undefined/unknown
	Maximum pool size: undefined/unknown
2025-05-08T23:27:10.010+01:00  INFO 42656 --- [    Test worker] o.h.e.t.j.p.i.JtaPlatformInitiator       : HHH000489: No JTA platform available (set 'hibernate.transaction.jta.platform' to enable JTA platform integration)
2025-05-08T23:27:10.142+01:00  INFO 42656 --- [    Test worker] j.LocalContainerEntityManagerFactoryBean : Initialized JPA EntityManagerFactory for persistence unit 'default'
2025-05-08T23:27:10.557+01:00  WARN 42656 --- [    Test worker] JpaBaseConfiguration$JpaWebConfiguration : spring.jpa.open-in-view is enabled by default. Therefore, database queries may be performed during view rendering. Explicitly configure spring.jpa.open-in-view to disable this warning
2025-05-08T23:27:10.576+01:00  INFO 42656 --- [    Test worker] r$InitializeUserDetailsManagerConfigurer : Global AuthenticationManager configured with UserDetailsService bean with name customUserDetailsService
2025-05-08T23:27:11.231+01:00  INFO 42656 --- [    Test worker] gStudentSoftwareProjectsApplicationTests : Started AToolforManagingStudentSoftwareProjectsApplicationTests in 3.782 seconds (process running for 4.592)
]]></system-out>
  <system-err><![CDATA[]]></system-err>
</testsuite>
