<?xml version="1.0" encoding="UTF-8"?>
<testsuite name="com.example.atoolformanagingstudentsoftwareprojects.security.PasswordEncryptionTest" tests="1" skipped="0" failures="0" errors="0" timestamp="2025-05-08T22:27:11.589Z" hostname="THARUN" time="0.28">
  <properties/>
  <testcase name="testPasswordIsHashedCorrectly()" classname="com.example.atoolformanagingstudentsoftwareprojects.security.PasswordEncryptionTest" time="0.28"/>
  <system-out><![CDATA[2025-05-08T23:27:11.579+01:00  INFO 42656 --- [    Test worker] t.c.s.AnnotationConfigContextLoaderUtils : Could not detect default configuration classes for test class [com.example.atoolformanagingstudentsoftwareprojects.security.PasswordEncryptionTest]: PasswordEncryptionTest does not declare any static, non-private, non-final, nested classes annotated with @Configuration.
2025-05-08T23:27:11.587+01:00  INFO 42656 --- [    Test worker] .b.t.c.SpringBootTestContextBootstrapper : Found @SpringBootConfiguration com.example.atoolformanagingstudentsoftwareprojects.AToolforManagingStudentSoftwareProjectsApplication for test class com.example.atoolformanagingstudentsoftwareprojects.security.PasswordEncryptionTest
2025-05-08T23:27:11.671+01:00 DEBUG 42656 --- [    Test worker] org.hibernate.SQL                        : insert into user (email,first_name,last_name,password,role,username) values (?,?,?,?,?,?)
Hibernate: insert into user (email,first_name,last_name,password,role,username) values (?,?,?,?,?,?)
2025-05-08T23:27:11.709+01:00 DEBUG 42656 --- [    Test worker] org.hibernate.SQL                        : insert into student_details (student_id) values (?)
Hibernate: insert into student_details (student_id) values (?)
2025-05-08T23:27:11.800+01:00 DEBUG 42656 --- [    Test worker] org.hibernate.SQL                        : select u1_0.id,u1_0.email,u1_0.first_name,u1_0.last_name,u1_0.password,u1_0.role,u1_0.username from user u1_0 where u1_0.username=?
Hibernate: select u1_0.id,u1_0.email,u1_0.first_name,u1_0.last_name,u1_0.password,u1_0.role,u1_0.username from user u1_0 where u1_0.username=?
Test passed successfully
]]></system-out>
  <system-err><![CDATA[]]></system-err>
</testsuite>
