<?xml version="1.0" encoding="UTF-8"?>
<testsuite name="com.example.atoolformanagingstudentsoftwareprojects.AToolforManagingStudentSoftwareProjectsApplicationTests" tests="1" skipped="0" failures="0" errors="0" timestamp="2025-05-03T00:24:31.511Z" hostname="THARUN" time="0.453">
  <properties/>
  <testcase name="contextLoads()" classname="com.example.atoolformanagingstudentsoftwareprojects.AToolforManagingStudentSoftwareProjectsApplicationTests" time="0.453"/>
  <system-out><![CDATA[01:24:25.370 [Test worker] INFO org.springframework.test.context.support.AnnotationConfigContextLoaderUtils -- Could not detect default configuration classes for test class [com.example.atoolformanagingstudentsoftwareprojects.AToolforManagingStudentSoftwareProjectsApplicationTests]: AToolforManagingStudentSoftwareProjectsApplicationTests does not declare any static, non-private, non-final, nested classes annotated with @Configuration.
01:24:25.510 [Test worker] INFO org.springframework.boot.test.context.SpringBootTestContextBootstrapper -- Found @SpringBootConfiguration com.example.atoolformanagingstudentsoftwareprojects.AToolforManagingStudentSoftwareProjectsApplication for test class com.example.atoolformanagingstudentsoftwareprojects.AToolforManagingStudentSoftwareProjectsApplicationTests

  .   ____          _            __ _ _
 /\\ / ___'_ __ _ _(_)_ __  __ _ \ \ \ \
( ( )\___ | '_ | '_| | '_ \/ _` | \ \ \ \
 \\/  ___)| |_)| | | | | || (_| |  ) ) ) )
  '  |____| .__|_| |_|_| |_\__, | / / / /
 =========|_|==============|___/=/_/_/_/

 :: Spring Boot ::                (v3.4.4)

2025-05-03T01:24:26.010+01:00  INFO 5076 --- [    Test worker] gStudentSoftwareProjectsApplicationTests : Starting AToolforManagingStudentSoftwareProjectsApplicationTests using Java 17.0.11 with PID 5076 (started by tharu in C:\Users\tharu\Uni work\Year 3\CO3201 Computer Science Project\AToolforManagingStudentSoftwareProjects)
2025-05-03T01:24:26.011+01:00  INFO 5076 --- [    Test worker] gStudentSoftwareProjectsApplicationTests : No active profile set, falling back to 1 default profile: "default"
2025-05-03T01:24:26.836+01:00  INFO 5076 --- [    Test worker] .s.d.r.c.RepositoryConfigurationDelegate : Bootstrapping Spring Data JPA repositories in DEFAULT mode.
2025-05-03T01:24:26.936+01:00  INFO 5076 --- [    Test worker] .s.d.r.c.RepositoryConfigurationDelegate : Finished Spring Data repository scanning in 84 ms. Found 10 JPA repository interfaces.
2025-05-03T01:24:27.485+01:00  INFO 5076 --- [    Test worker] o.hibernate.jpa.internal.util.LogHelper  : HHH000204: Processing PersistenceUnitInfo [name: default]
2025-05-03T01:24:27.556+01:00  INFO 5076 --- [    Test worker] org.hibernate.Version                    : HHH000412: Hibernate ORM core version 6.6.11.Final
2025-05-03T01:24:27.596+01:00  INFO 5076 --- [    Test worker] o.h.c.internal.RegionFactoryInitiator    : HHH000026: Second-level cache disabled
2025-05-03T01:24:28.006+01:00  INFO 5076 --- [    Test worker] o.s.o.j.p.SpringPersistenceUnitInfo      : No LoadTimeWeaver setup: ignoring JPA class transformer
2025-05-03T01:24:28.036+01:00  INFO 5076 --- [    Test worker] com.zaxxer.hikari.HikariDataSource       : HikariPool-1 - Starting...
2025-05-03T01:24:28.319+01:00  INFO 5076 --- [    Test worker] com.zaxxer.hikari.pool.HikariPool        : HikariPool-1 - Added connection com.mysql.cj.jdbc.ConnectionImpl@294ebe11
2025-05-03T01:24:28.320+01:00  INFO 5076 --- [    Test worker] com.zaxxer.hikari.HikariDataSource       : HikariPool-1 - Start completed.
2025-05-03T01:24:28.415+01:00  INFO 5076 --- [    Test worker] org.hibernate.orm.connections.pooling    : HHH10001005: Database info:
	Database JDBC URL [Connecting through datasource 'HikariDataSource (HikariPool-1)']
	Database driver: undefined/unknown
	Database version: 8.0.36
	Autocommit mode: undefined/unknown
	Isolation level: undefined/unknown
	Minimum pool size: undefined/unknown
	Maximum pool size: undefined/unknown
2025-05-03T01:24:29.735+01:00  INFO 5076 --- [    Test worker] o.h.e.t.j.p.i.JtaPlatformInitiator       : HHH000489: No JTA platform available (set 'hibernate.transaction.jta.platform' to enable JTA platform integration)
2025-05-03T01:24:29.884+01:00  INFO 5076 --- [    Test worker] j.LocalContainerEntityManagerFactoryBean : Initialized JPA EntityManagerFactory for persistence unit 'default'
2025-05-03T01:24:30.521+01:00  WARN 5076 --- [    Test worker] JpaBaseConfiguration$JpaWebConfiguration : spring.jpa.open-in-view is enabled by default. Therefore, database queries may be performed during view rendering. Explicitly configure spring.jpa.open-in-view to disable this warning
2025-05-03T01:24:30.550+01:00  INFO 5076 --- [    Test worker] r$InitializeUserDetailsManagerConfigurer : Global AuthenticationManager configured with UserDetailsService bean with name customUserDetailsService
2025-05-03T01:24:31.495+01:00  INFO 5076 --- [    Test worker] gStudentSoftwareProjectsApplicationTests : Started AToolforManagingStudentSoftwareProjectsApplicationTests in 5.819 seconds (process running for 7.143)
]]></system-out>
  <system-err><![CDATA[]]></system-err>
</testsuite>
